  about.cpp
  decor.cpp
  explorer.cpp
  file.cpp
D:\dev\C++\projects\Cpp-dictionary\Cpp-dictionary\topic.h(11,18): error C2061: синтаксическая ошибка: идентификатор "File"
D:\dev\C++\projects\Cpp-dictionary\Cpp-dictionary\topic.h(18,27): error C2065: File: необъявленный идентификатор
D:\dev\C++\projects\Cpp-dictionary\Cpp-dictionary\topic.h(18,19): error C3544: "_Types": пакет параметров ожидает аргумент шаблона типа
D:\dev\C++\projects\Cpp-dictionary\Cpp-dictionary\topic.h(18,19): error C3203: "variant": неспециализированный класс шаблон нельзя использовать в качестве аргумента шаблон для параметра шаблон "_Ty", требуется действительный тип
D:\dev\C++\projects\Cpp-dictionary\Cpp-dictionary\explorer.h(10,13): error C2065: File: необъявленный идентификатор
D:\dev\C++\projects\Cpp-dictionary\Cpp-dictionary\explorer.h(10,6): error C2923: std::vector: "File" не является допустимым аргументом типа шаблон для параметра "_Ty"
D:\dev\C++\projects\Cpp-dictionary\Cpp-dictionary\explorer.h(10,13): message : см. объявление "File"
D:\dev\C++\projects\Cpp-dictionary\Cpp-dictionary\explorer.h(10,6): error C2976: std::vector: слишком мало аргументов шаблон
C:\Program Files\Microsoft Visual Studio\2022\Community\VC\Tools\MSVC\14.37.32822\include\vector(438,1): message : см. объявление "std::vector"
D:\dev\C++\projects\Cpp-dictionary\Cpp-dictionary\explorer.h(10,19): error C2955: "std::vector": для использования класс шаблон требуется список аргументов шаблон
C:\Program Files\Microsoft Visual Studio\2022\Community\VC\Tools\MSVC\14.37.32822\include\vector(438,1): message : см. объявление "std::vector"
  help.cpp
  main.cpp
  setup.cpp
D:\dev\C++\projects\Cpp-dictionary\Cpp-dictionary\global.h(8,31): error C3861: GetUser: идентификатор не найден
  topic.cpp
D:\dev\C++\projects\Cpp-dictionary\Cpp-dictionary\explorer.h(11,13): error C2065: Topic: необъявленный идентификатор
D:\dev\C++\projects\Cpp-dictionary\Cpp-dictionary\explorer.h(11,6): error C2923: std::vector: "Topic" не является допустимым аргументом типа шаблон для параметра "_Ty"
D:\dev\C++\projects\Cpp-dictionary\Cpp-dictionary\explorer.h(11,13): message : см. объявление "Topic"
D:\dev\C++\projects\Cpp-dictionary\Cpp-dictionary\explorer.h(11,6): error C2976: std::vector: слишком мало аргументов шаблон
C:\Program Files\Microsoft Visual Studio\2022\Community\VC\Tools\MSVC\14.37.32822\include\vector(438,1): message : см. объявление "std::vector"
D:\dev\C++\projects\Cpp-dictionary\Cpp-dictionary\explorer.h(11,20): error C2955: "std::vector": для использования класс шаблон требуется список аргументов шаблон
C:\Program Files\Microsoft Visual Studio\2022\Community\VC\Tools\MSVC\14.37.32822\include\vector(438,1): message : см. объявление "std::vector"
D:\dev\C++\projects\Cpp-dictionary\Cpp-dictionary\setup.h(11,15): error C2065: Topic: необъявленный идентификатор
D:\dev\C++\projects\Cpp-dictionary\Cpp-dictionary\setup.h(11,22): error C2065: mainTopic: необъявленный идентификатор
  transfer.cpp
  Создание кода...
